
*** Running vivado
    with args -log top_flyinglogo.vds -m64 -product Vivado -mode batch -messageDb vivado.pb -notrace -source top_flyinglogo.tcl


****** Vivado v2019.2 (64-bit)
  **** SW Build 2708876 on Wed Nov  6 21:40:23 MST 2019
  **** IP Build 2700528 on Thu Nov  7 00:09:20 MST 2019
    ** Copyright 1986-2019 Xilinx, Inc. All Rights Reserved.

source top_flyinglogo.tcl -notrace
Command: synth_design -top top_flyinglogo -part xc7a35tcsg324-1
Starting synth_design
Attempting to get a license for feature 'Synthesis' and/or device 'xc7a35t'
INFO: [Common 17-349] Got license for feature 'Synthesis' and/or device 'xc7a35t'
INFO: [Device 21-403] Loading part xc7a35tcsg324-1
INFO: Launching helper process for spawning children vivado processes
INFO: Helper process launched with PID 13420 
---------------------------------------------------------------------------------
Starting RTL Elaboration : Time (s): cpu = 00:00:08 ; elapsed = 00:00:09 . Memory (MB): peak = 847.391 ; gain = 234.621
---------------------------------------------------------------------------------
INFO: [Synth 8-6157] synthesizing module 'top_flyinglogo' [C:/vga/lab07_VGA_display/lab07_VGA_display.srcs/sources_1/imports/source/top_flyinglogo.v:4]
	Parameter WIDTH bound to: 17'b00000000101000000 
INFO: [Synth 8-6157] synthesizing module 'buzzer' [C:/vga/lab07_VGA_display/lab07_VGA_display.srcs/sources_1/imports/source/buzzer.v:2]
	Parameter period bound to: 12500000 - type: integer 
	Parameter length bound to: 2048 - type: integer 
	Parameter CNT0 bound to: 35000 - type: integer 
	Parameter CNT1 bound to: 65000 - type: integer 
	Parameter CNT2 bound to: 165000 - type: integer 
	Parameter CNT3 bound to: 265000 - type: integer 
WARNING: [Synth 8-5856] 3D RAM buzzerReg_reg  for this pattern/configuration is not supported. This will most likely be implemented in registers
WARNING: [Synth 8-5856] 3D RAM buzzerContinued_reg  for this pattern/configuration is not supported. This will most likely be implemented in registers
INFO: [Synth 8-6155] done synthesizing module 'buzzer' (1#1) [C:/vga/lab07_VGA_display/lab07_VGA_display.srcs/sources_1/imports/source/buzzer.v:2]
INFO: [Synth 8-6157] synthesizing module 'toPosedge' [C:/vga/lab07_VGA_display/lab07_VGA_display.srcs/sources_1/new/toPosedge.v:3]
INFO: [Synth 8-6155] done synthesizing module 'toPosedge' (2#1) [C:/vga/lab07_VGA_display/lab07_VGA_display.srcs/sources_1/new/toPosedge.v:3]
INFO: [Synth 8-6157] synthesizing module 'dcm_25m' [C:/vga/lab07_VGA_display/lab07_VGA_display.runs/synth_1/.Xil/Vivado-412-DESKTOP-44J0ERR/realtime/dcm_25m_stub.v:5]
INFO: [Synth 8-6155] done synthesizing module 'dcm_25m' (3#1) [C:/vga/lab07_VGA_display/lab07_VGA_display.runs/synth_1/.Xil/Vivado-412-DESKTOP-44J0ERR/realtime/dcm_25m_stub.v:5]
INFO: [Synth 8-6157] synthesizing module 'logo_rom' [C:/vga/lab07_VGA_display/lab07_VGA_display.runs/synth_1/.Xil/Vivado-412-DESKTOP-44J0ERR/realtime/logo_rom_stub.v:6]
INFO: [Synth 8-6155] done synthesizing module 'logo_rom' (4#1) [C:/vga/lab07_VGA_display/lab07_VGA_display.runs/synth_1/.Xil/Vivado-412-DESKTOP-44J0ERR/realtime/logo_rom_stub.v:6]
WARNING: [Synth 8-7023] instance 'u1' of module 'logo_rom' has 5 connections declared, but only 3 given [C:/vga/lab07_VGA_display/lab07_VGA_display.srcs/sources_1/imports/source/top_flyinglogo.v:91]
INFO: [Synth 8-6157] synthesizing module 'vga_640x480' [C:/vga/lab07_VGA_display/lab07_VGA_display.srcs/sources_1/imports/source/vga_timing.v:4]
	Parameter h_frontporch bound to: 95 - type: integer 
	Parameter h_active bound to: 143 - type: integer 
	Parameter h_backporch bound to: 783 - type: integer 
	Parameter h_total bound to: 800 - type: integer 
	Parameter v_frontporch bound to: 2 - type: integer 
	Parameter v_active bound to: 35 - type: integer 
	Parameter v_backporch bound to: 515 - type: integer 
	Parameter v_total bound to: 525 - type: integer 
INFO: [Synth 8-6155] done synthesizing module 'vga_640x480' (5#1) [C:/vga/lab07_VGA_display/lab07_VGA_display.srcs/sources_1/imports/source/vga_timing.v:4]
INFO: [Synth 8-6155] done synthesizing module 'top_flyinglogo' (6#1) [C:/vga/lab07_VGA_display/lab07_VGA_display.srcs/sources_1/imports/source/top_flyinglogo.v:4]
WARNING: [Synth 8-3331] design buzzer has unconnected port clk
WARNING: [Synth 8-3331] design buzzer has unconnected port rst
WARNING: [Synth 8-3331] design buzzer has unconnected port up
WARNING: [Synth 8-3331] design buzzer has unconnected port down
---------------------------------------------------------------------------------
Finished RTL Elaboration : Time (s): cpu = 00:00:10 ; elapsed = 00:00:12 . Memory (MB): peak = 923.797 ; gain = 311.027
---------------------------------------------------------------------------------

Report Check Netlist: 
+------+------------------+-------+---------+-------+------------------+
|      |Item              |Errors |Warnings |Status |Description       |
+------+------------------+-------+---------+-------+------------------+
|1     |multi_driven_nets |      0|        0|Passed |Multi driven nets |
+------+------------------+-------+---------+-------+------------------+
---------------------------------------------------------------------------------
Start Handling Custom Attributes
---------------------------------------------------------------------------------
---------------------------------------------------------------------------------
Finished Handling Custom Attributes : Time (s): cpu = 00:00:11 ; elapsed = 00:00:13 . Memory (MB): peak = 923.797 ; gain = 311.027
---------------------------------------------------------------------------------
---------------------------------------------------------------------------------
Finished RTL Optimization Phase 1 : Time (s): cpu = 00:00:11 ; elapsed = 00:00:13 . Memory (MB): peak = 923.797 ; gain = 311.027
---------------------------------------------------------------------------------
Netlist sorting complete. Time (s): cpu = 00:00:00 ; elapsed = 00:00:00.018 . Memory (MB): peak = 923.797 ; gain = 0.000
INFO: [Project 1-570] Preparing netlist for logic optimization

Processing XDC Constraints
Initializing timing engine
Parsing XDC File [c:/vga/lab07_VGA_display/lab07_VGA_display.srcs/sources_1/ip/logo_rom_2/logo_rom/logo_rom_in_context.xdc] for cell 'u1'
Finished Parsing XDC File [c:/vga/lab07_VGA_display/lab07_VGA_display.srcs/sources_1/ip/logo_rom_2/logo_rom/logo_rom_in_context.xdc] for cell 'u1'
Parsing XDC File [c:/vga/lab07_VGA_display/lab07_VGA_display.srcs/sources_1/ip/dcm_25m_2/dcm_25m/dcm_25m_in_context.xdc] for cell 'u0'
Finished Parsing XDC File [c:/vga/lab07_VGA_display/lab07_VGA_display.srcs/sources_1/ip/dcm_25m_2/dcm_25m/dcm_25m_in_context.xdc] for cell 'u0'
Parsing XDC File [C:/vga/lab07_VGA_display/lab07_VGA_display.srcs/constrs_1/imports/source/display_vga.xdc]
Finished Parsing XDC File [C:/vga/lab07_VGA_display/lab07_VGA_display.srcs/constrs_1/imports/source/display_vga.xdc]
INFO: [Project 1-236] Implementation specific constraints were found while reading constraint file [C:/vga/lab07_VGA_display/lab07_VGA_display.srcs/constrs_1/imports/source/display_vga.xdc]. These constraints will be ignored for synthesis but will be used in implementation. Impacted constraints are listed in the file [.Xil/top_flyinglogo_propImpl.xdc].
Resolution: To avoid this warning, move constraints listed in [.Xil/top_flyinglogo_propImpl.xdc] to another XDC file and exclude this new file from synthesis with the used_in_synthesis property (File Properties dialog in GUI) and re-run elaboration/synthesis.
Parsing XDC File [C:/vga/lab07_VGA_display/lab07_VGA_display.runs/synth_1/dont_touch.xdc]
Finished Parsing XDC File [C:/vga/lab07_VGA_display/lab07_VGA_display.runs/synth_1/dont_touch.xdc]
Completed Processing XDC Constraints

Netlist sorting complete. Time (s): cpu = 00:00:00 ; elapsed = 00:00:00.001 . Memory (MB): peak = 1024.105 ; gain = 0.000
INFO: [Project 1-111] Unisim Transformation Summary:
No Unisim elements were transformed.

Constraint Validation Runtime : Time (s): cpu = 00:00:00 ; elapsed = 00:00:00.124 . Memory (MB): peak = 1024.105 ; gain = 0.000
---------------------------------------------------------------------------------
Finished Constraint Validation : Time (s): cpu = 00:00:21 ; elapsed = 00:00:26 . Memory (MB): peak = 1024.105 ; gain = 411.336
---------------------------------------------------------------------------------
---------------------------------------------------------------------------------
Start Loading Part and Timing Information
---------------------------------------------------------------------------------
Loading part: xc7a35tcsg324-1
---------------------------------------------------------------------------------
Finished Loading Part and Timing Information : Time (s): cpu = 00:00:21 ; elapsed = 00:00:26 . Memory (MB): peak = 1024.105 ; gain = 411.336
---------------------------------------------------------------------------------
---------------------------------------------------------------------------------
Start Applying 'set_property' XDC Constraints
---------------------------------------------------------------------------------
Applied set_property IO_BUFFER_TYPE = NONE for clk. (constraint file  c:/vga/lab07_VGA_display/lab07_VGA_display.srcs/sources_1/ip/dcm_25m_2/dcm_25m/dcm_25m_in_context.xdc, line 3).
Applied set_property CLOCK_BUFFER_TYPE = NONE for clk. (constraint file  c:/vga/lab07_VGA_display/lab07_VGA_display.srcs/sources_1/ip/dcm_25m_2/dcm_25m/dcm_25m_in_context.xdc, line 4).
Applied set_property DONT_TOUCH = true for u1. (constraint file  auto generated constraint, line ).
Applied set_property DONT_TOUCH = true for u0. (constraint file  auto generated constraint, line ).
---------------------------------------------------------------------------------
Finished applying 'set_property' XDC Constraints : Time (s): cpu = 00:00:21 ; elapsed = 00:00:26 . Memory (MB): peak = 1024.105 ; gain = 411.336
---------------------------------------------------------------------------------
---------------------------------------------------------------------------------
Finished RTL Optimization Phase 2 : Time (s): cpu = 00:00:22 ; elapsed = 00:00:27 . Memory (MB): peak = 1024.105 ; gain = 411.336
---------------------------------------------------------------------------------

Report RTL Partitions: 
+-+--------------+------------+----------+
| |RTL Partition |Replication |Instances |
+-+--------------+------------+----------+
+-+--------------+------------+----------+
---------------------------------------------------------------------------------
Start RTL Component Statistics 
---------------------------------------------------------------------------------
Detailed RTL Component Info : 
+---Adders : 
	   2 Input     17 Bit       Adders := 3     
+---Registers : 
	               17 Bit    Registers := 1     
	               12 Bit    Registers := 1     
	                2 Bit    Registers := 1     
	                1 Bit    Registers := 6     
+---Muxes : 
	   2 Input     17 Bit        Muxes := 3     
	   2 Input     12 Bit        Muxes := 2     
	   4 Input     12 Bit        Muxes := 1     
	   8 Input      2 Bit        Muxes := 1     
	   2 Input      1 Bit        Muxes := 6     
---------------------------------------------------------------------------------
Finished RTL Component Statistics 
---------------------------------------------------------------------------------
---------------------------------------------------------------------------------
Start RTL Hierarchical Component Statistics 
---------------------------------------------------------------------------------
Hierarchical RTL Component report 
Module top_flyinglogo 
Detailed RTL Component Info : 
+---Registers : 
	               12 Bit    Registers := 1     
	                2 Bit    Registers := 1     
	                1 Bit    Registers := 2     
+---Muxes : 
	   2 Input     12 Bit        Muxes := 2     
	   4 Input     12 Bit        Muxes := 1     
	   8 Input      2 Bit        Muxes := 1     
	   2 Input      1 Bit        Muxes := 3     
Module toPosedge 
Detailed RTL Component Info : 
+---Registers : 
	                1 Bit    Registers := 2     
+---Muxes : 
	   2 Input      1 Bit        Muxes := 1     
Module vga_640x480 
Detailed RTL Component Info : 
+---Adders : 
	   2 Input     17 Bit       Adders := 3     
+---Registers : 
	               17 Bit    Registers := 1     
+---Muxes : 
	   2 Input     17 Bit        Muxes := 3     
	   2 Input      1 Bit        Muxes := 1     
---------------------------------------------------------------------------------
Finished RTL Hierarchical Component Statistics
---------------------------------------------------------------------------------
---------------------------------------------------------------------------------
Start Part Resource Summary
---------------------------------------------------------------------------------
Part Resources:
DSPs: 90 (col length:60)
BRAMs: 100 (col length: RAMB18 60 RAMB36 30)
---------------------------------------------------------------------------------
Finished Part Resource Summary
---------------------------------------------------------------------------------
---------------------------------------------------------------------------------
Start Cross Boundary and Area Optimization
---------------------------------------------------------------------------------
Warning: Parallel synthesis criteria is not met 
DSP Report: Generating DSP addr, operation Mode is: C+A*(B:0x140).
DSP Report: operator addr is absorbed into DSP addr.
DSP Report: operator addr0 is absorbed into DSP addr.
WARNING: [Synth 8-3917] design top_flyinglogo has port buzzer_out driven by constant 0
---------------------------------------------------------------------------------
Finished Cross Boundary and Area Optimization : Time (s): cpu = 00:00:28 ; elapsed = 00:00:33 . Memory (MB): peak = 1024.105 ; gain = 411.336
---------------------------------------------------------------------------------
---------------------------------------------------------------------------------
Start ROM, RAM, DSP and Shift Register Reporting
---------------------------------------------------------------------------------

DSP: Preliminary Mapping	Report (see note below)
+---------------+---------------+--------+--------+--------+--------+--------+------+------+------+------+-------+------+------+
|Module Name    | DSP Mapping   | A Size | B Size | C Size | D Size | P Size | AREG | BREG | CREG | DREG | ADREG | MREG | PREG | 
+---------------+---------------+--------+--------+--------+--------+--------+------+------+------+------+-------+------+------+
|top_flyinglogo | C+A*(B:0x140) | 16     | 9      | 16     | -      | 17     | 0    | 0    | 0    | -    | -     | 0    | 0    | 
+---------------+---------------+--------+--------+--------+--------+--------+------+------+------+------+-------+------+------+

Note: The table above is a preliminary report that shows the DSPs inferred at the current stage of the synthesis flow. Some DSP may be reimplemented as non DSP primitives later in the synthesis flow. Multiple instantiated DSPs are reported only once.
---------------------------------------------------------------------------------
Finished ROM, RAM, DSP and Shift Register Reporting
---------------------------------------------------------------------------------

Report RTL Partitions: 
+-+--------------+------------+----------+
| |RTL Partition |Replication |Instances |
+-+--------------+------------+----------+
+-+--------------+------------+----------+
---------------------------------------------------------------------------------
Start Applying XDC Timing Constraints
---------------------------------------------------------------------------------
---------------------------------------------------------------------------------
Finished Applying XDC Timing Constraints : Time (s): cpu = 00:00:57 ; elapsed = 00:01:10 . Memory (MB): peak = 1044.766 ; gain = 431.996
---------------------------------------------------------------------------------
---------------------------------------------------------------------------------
Start Timing Optimization
---------------------------------------------------------------------------------
---------------------------------------------------------------------------------
Finished Timing Optimization : Time (s): cpu = 00:00:59 ; elapsed = 00:01:12 . Memory (MB): peak = 1083.059 ; gain = 470.289
---------------------------------------------------------------------------------

Report RTL Partitions: 
+-+--------------+------------+----------+
| |RTL Partition |Replication |Instances |
+-+--------------+------------+----------+
+-+--------------+------------+----------+
---------------------------------------------------------------------------------
Start Technology Mapping
---------------------------------------------------------------------------------
---------------------------------------------------------------------------------
Finished Technology Mapping : Time (s): cpu = 00:00:59 ; elapsed = 00:01:12 . Memory (MB): peak = 1083.059 ; gain = 470.289
---------------------------------------------------------------------------------

Report RTL Partitions: 
+-+--------------+------------+----------+
| |RTL Partition |Replication |Instances |
+-+--------------+------------+----------+
+-+--------------+------------+----------+
---------------------------------------------------------------------------------
Start IO Insertion
---------------------------------------------------------------------------------
---------------------------------------------------------------------------------
Start Flattening Before IO Insertion
---------------------------------------------------------------------------------
---------------------------------------------------------------------------------
Finished Flattening Before IO Insertion
---------------------------------------------------------------------------------
---------------------------------------------------------------------------------
Start Final Netlist Cleanup
---------------------------------------------------------------------------------
---------------------------------------------------------------------------------
Finished Final Netlist Cleanup
---------------------------------------------------------------------------------
CRITICAL WARNING: [Synth 8-4442] BlackBox module u1 has unconnected pin wea[0]
CRITICAL WARNING: [Synth 8-4442] BlackBox module u1 has unconnected pin dina[11]
CRITICAL WARNING: [Synth 8-4442] BlackBox module u1 has unconnected pin dina[10]
CRITICAL WARNING: [Synth 8-4442] BlackBox module u1 has unconnected pin dina[9]
CRITICAL WARNING: [Synth 8-4442] BlackBox module u1 has unconnected pin dina[8]
CRITICAL WARNING: [Synth 8-4442] BlackBox module u1 has unconnected pin dina[7]
CRITICAL WARNING: [Synth 8-4442] BlackBox module u1 has unconnected pin dina[6]
CRITICAL WARNING: [Synth 8-4442] BlackBox module u1 has unconnected pin dina[5]
CRITICAL WARNING: [Synth 8-4442] BlackBox module u1 has unconnected pin dina[4]
CRITICAL WARNING: [Synth 8-4442] BlackBox module u1 has unconnected pin dina[3]
CRITICAL WARNING: [Synth 8-4442] BlackBox module u1 has unconnected pin dina[2]
CRITICAL WARNING: [Synth 8-4442] BlackBox module u1 has unconnected pin dina[1]
CRITICAL WARNING: [Synth 8-4442] BlackBox module u1 has unconnected pin dina[0]
---------------------------------------------------------------------------------
Finished IO Insertion : Time (s): cpu = 00:01:07 ; elapsed = 00:01:20 . Memory (MB): peak = 1085.953 ; gain = 473.184
---------------------------------------------------------------------------------
---------------------------------------------------------------------------------
Start Renaming Generated Instances
---------------------------------------------------------------------------------
---------------------------------------------------------------------------------
Finished Renaming Generated Instances : Time (s): cpu = 00:01:07 ; elapsed = 00:01:20 . Memory (MB): peak = 1085.953 ; gain = 473.184
---------------------------------------------------------------------------------

Report RTL Partitions: 
+-+--------------+------------+----------+
| |RTL Partition |Replication |Instances |
+-+--------------+------------+----------+
+-+--------------+------------+----------+

Report Check Netlist: 
+------+------------------+-------+---------+-------+------------------+
|      |Item              |Errors |Warnings |Status |Description       |
+------+------------------+-------+---------+-------+------------------+
|1     |multi_driven_nets |      0|        0|Passed |Multi driven nets |
+------+------------------+-------+---------+-------+------------------+
---------------------------------------------------------------------------------
Start Rebuilding User Hierarchy
---------------------------------------------------------------------------------
---------------------------------------------------------------------------------
Finished Rebuilding User Hierarchy : Time (s): cpu = 00:01:07 ; elapsed = 00:01:20 . Memory (MB): peak = 1085.953 ; gain = 473.184
---------------------------------------------------------------------------------
---------------------------------------------------------------------------------
Start Renaming Generated Ports
---------------------------------------------------------------------------------
---------------------------------------------------------------------------------
Finished Renaming Generated Ports : Time (s): cpu = 00:01:07 ; elapsed = 00:01:20 . Memory (MB): peak = 1085.953 ; gain = 473.184
---------------------------------------------------------------------------------
---------------------------------------------------------------------------------
Start Handling Custom Attributes
---------------------------------------------------------------------------------
---------------------------------------------------------------------------------
Finished Handling Custom Attributes : Time (s): cpu = 00:01:07 ; elapsed = 00:01:20 . Memory (MB): peak = 1085.953 ; gain = 473.184
---------------------------------------------------------------------------------
---------------------------------------------------------------------------------
Start Renaming Generated Nets
---------------------------------------------------------------------------------
---------------------------------------------------------------------------------
Finished Renaming Generated Nets : Time (s): cpu = 00:01:07 ; elapsed = 00:01:20 . Memory (MB): peak = 1085.953 ; gain = 473.184
---------------------------------------------------------------------------------
---------------------------------------------------------------------------------
Start Writing Synthesis Report
---------------------------------------------------------------------------------

Report BlackBoxes: 
+------+--------------+----------+
|      |BlackBox name |Instances |
+------+--------------+----------+
|1     |dcm_25m       |         1|
|2     |logo_rom      |         1|
+------+--------------+----------+

Report Cell Usage: 
+------+---------+------+
|      |Cell     |Count |
+------+---------+------+
|1     |dcm_25m  |     1|
|2     |logo_rom |     1|
|3     |CARRY4   |   103|
|4     |DSP48E1  |     1|
|5     |LUT1     |    35|
|6     |LUT2     |   260|
|7     |LUT3     |     6|
|8     |LUT4     |    12|
|9     |LUT5     |    12|
|10    |LUT6     |    32|
|11    |FDCE     |    17|
|12    |FDRE     |   259|
|13    |FDSE     |    12|
|14    |IBUF     |     3|
|15    |OBUF     |    15|
+------+---------+------+

Report Instance Areas: 
+------+----------+------------+------+
|      |Instance  |Module      |Cells |
+------+----------+------------+------+
|1     |top       |            |   780|
|2     |  btnDown |toPosedge   |   246|
|3     |  btnUp   |toPosedge_0 |   245|
|4     |  u2      |vga_640x480 |   171|
+------+----------+------------+------+
---------------------------------------------------------------------------------
Finished Writing Synthesis Report : Time (s): cpu = 00:01:07 ; elapsed = 00:01:20 . Memory (MB): peak = 1085.953 ; gain = 473.184
---------------------------------------------------------------------------------
Synthesis finished with 0 errors, 13 critical warnings and 1 warnings.
Synthesis Optimization Runtime : Time (s): cpu = 00:00:53 ; elapsed = 00:01:15 . Memory (MB): peak = 1085.953 ; gain = 372.875
Synthesis Optimization Complete : Time (s): cpu = 00:01:07 ; elapsed = 00:01:20 . Memory (MB): peak = 1085.953 ; gain = 473.184
INFO: [Project 1-571] Translating synthesized netlist
Netlist sorting complete. Time (s): cpu = 00:00:00 ; elapsed = 00:00:00.021 . Memory (MB): peak = 1097.020 ; gain = 0.000
INFO: [Netlist 29-17] Analyzing 104 Unisim elements for replacement
INFO: [Netlist 29-28] Unisim Transformation completed in 0 CPU seconds
INFO: [Project 1-570] Preparing netlist for logic optimization
INFO: [Opt 31-140] Inserted 1 IBUFs to IO ports without IO buffers.
INFO: [Opt 31-138] Pushed 0 inverter(s) to 0 load pin(s).
Netlist sorting complete. Time (s): cpu = 00:00:00 ; elapsed = 00:00:00 . Memory (MB): peak = 1097.020 ; gain = 0.000
INFO: [Project 1-111] Unisim Transformation Summary:
No Unisim elements were transformed.

INFO: [Common 17-83] Releasing license: Synthesis
25 Infos, 8 Warnings, 13 Critical Warnings and 0 Errors encountered.
synth_design completed successfully
synth_design: Time (s): cpu = 00:01:15 ; elapsed = 00:01:33 . Memory (MB): peak = 1097.020 ; gain = 758.102
Netlist sorting complete. Time (s): cpu = 00:00:00 ; elapsed = 00:00:00.001 . Memory (MB): peak = 1097.020 ; gain = 0.000
WARNING: [Constraints 18-5210] No constraints selected for write.
Resolution: This message can indicate that there are no constraints for the design, or it can indicate that the used_in flags are set such that the constraints are ignored. This later case is used when running synth_design to not write synthesis constraints to the resulting checkpoint. Instead, project constraints are read when the synthesized design is opened.
INFO: [Common 17-1381] The checkpoint 'C:/vga/lab07_VGA_display/lab07_VGA_display.runs/synth_1/top_flyinglogo.dcp' has been generated.
INFO: [runtcl-4] Executing : report_utilization -file top_flyinglogo_utilization_synth.rpt -pb top_flyinglogo_utilization_synth.pb
INFO: [Common 17-206] Exiting Vivado at Fri Sep 25 01:37:13 2020...
